Дата и время вызова фунцкии: 2023-04-17 17:24:48.680451,
Имя функции: hello_world,
Аргументы функции: ((), {}),
Возращаемое значение: Hello World
Дата и время вызова фунцкии: 2023-04-17 17:24:48.681445,
Имя функции: summator,
Аргументы функции: ((2, 2), {}),
Возращаемое значение: 4
Дата и время вызова фунцкии: 2023-04-17 17:24:48.681445,
Имя функции: div,
Аргументы функции: ((6, 2), {}),
Возращаемое значение: 3.0
Дата и время вызова фунцкии: 2023-04-17 17:24:48.681445,
Имя функции: summator,
Аргументы функции: ((4.3,), {'b': 2.2}),
Возращаемое значение: 6.5
Дата и время вызова фунцкии: 2023-04-17 17:24:48.682441,
Имя функции: summator,
Аргументы функции: ((), {'a': 0, 'b': 0}),
Возращаемое значение: 0
